2023-05-04 17:34:29 [INFO] 초기화 필터 생성
2023-05-04 17:34:39 [INFO] 로그인 기능 수행됨
2023-05-04 17:34:40 [DEBUG] qwe123 / $2a$10$Ua/63jJJdh/n6q2bwe1xmu1S2ztCxfAyZvsDhlMZC0EEw2Qlv77Ay
2023-05-04 17:35:51 [INFO] 초기화 필터 파괴
2023-05-04 17:42:52 [INFO] 초기화 필터 생성
2023-05-04 17:45:44 [INFO] 초기화 필터 파괴
2023-05-04 17:50:11 [INFO] 초기화 필터 생성
2023-05-04 17:50:21 [INFO] 로그인 기능 수행됨
2023-05-04 17:50:21 [DEBUG] qwe123 / $2a$10$CovcR4zXP/2hsHUfaggm9uCxfew4VjuP13P5Dh2d/tNcAg3ShzApK
2023-05-04 17:51:02 [INFO] 초기화 필터 생성
2023-05-04 17:53:14 [INFO] 초기화 필터 파괴
2023-05-04 18:10:14 [INFO] 초기화 필터 생성
2023-05-04 18:11:34 [INFO] 초기화 필터 파괴
2023-05-04 18:12:34 [INFO] 초기화 필터 생성
2023-05-04 18:24:42 [INFO] 초기화 필터 생성
2023-05-04 18:29:57 [INFO] 초기화 필터 파괴
2023-05-04 19:04:14 [INFO] 초기화 필터 생성
2023-05-04 19:04:22 [INFO] 로그인 기능 수행됨
2023-05-04 19:04:22 [DEBUG] abc123 / $2a$10$dapIN8vpA.0tZ8GpUetJNed2CCfHYVcniWVNEXFfyHH1XCbtKYVHq
2023-05-04 19:04:31 [INFO] 로그인 기능 수행됨
2023-05-04 19:04:31 [DEBUG] qwe123 / $2a$10$PHHJ22A.N7ONbMyGz3XSYeNwHxmwL/mntQdGOie5g8YBGNC6bqk/q
2023-05-04 19:04:33 [INFO] 로그아웃 수행되었셈 ㅋㅋ
2023-05-04 19:04:35 [INFO] 로그인 기능 수행됨
2023-05-04 19:04:35 [DEBUG] ds / $2a$10$BqSZHOk7E73AUAFwHF9OiOCCJak7HAIx2INBeu06h2HjjoctBQLey
2023-05-04 19:05:29 [INFO] 로그인 기능 수행됨
2023-05-04 19:05:29 [DEBUG] qwe123 / $2a$10$n7XAg8ZwExwE3.rMsr6P/eIGZ8QDhdonPbft7ZNIWK6pnW6Eovewq
2023-05-04 19:08:44 [INFO] 초기화 필터 파괴
2023-05-04 19:09:03 [INFO] 초기화 필터 생성
2023-05-04 19:09:12 [INFO] 로그인 기능 수행됨
2023-05-04 19:09:12 [DEBUG] qwe123 / $2a$10$uaNaEUkBgdU6r7nvW.v4KOtBS571wMUh6/HQd7eCFn1z/tfcwwfMS
2023-05-04 19:11:55 [INFO] 초기화 필터 파괴
2023-05-04 19:27:00 [INFO] 초기화 필터 생성
2023-05-04 19:27:07 [INFO] 로그인 기능 수행됨
2023-05-04 19:27:07 [DEBUG] qwe123 / $2a$10$mjkGNjiZhYnEORKGjjCtFOTmS8CiyPPDFdlGNi8IwvijPjhsjLfyK
2023-05-04 19:27:55 [INFO] 초기화 필터 파괴
2023-05-04 19:28:12 [INFO] 초기화 필터 생성
2023-05-04 19:28:19 [INFO] 로그인 기능 수행됨
2023-05-04 19:28:19 [DEBUG] qwe123 / $2a$10$fwg2PzztDdjIwdF19GLmnOe2gUW39hr88TseGnCnS2YSu/mX06vLu
2023-05-04 19:28:54 [INFO] 초기화 필터 파괴
2023-05-04 19:29:16 [INFO] 초기화 필터 생성
2023-05-04 19:29:22 [INFO] 로그인 기능 수행됨
2023-05-04 19:29:22 [DEBUG] qwe123 / $2a$10$3Bps9aa3K39tra8Kqpoi5ejCQ6tu1R78e9Sov6/MybqPLAb/67qpK
2023-05-04 19:29:54 [INFO] 로그아웃 수행되었셈 ㅋㅋ
2023-05-04 19:29:56 [INFO] 로그인 기능 수행됨
2023-05-04 19:29:57 [DEBUG] ewq / $2a$10$bAY3ctpXWhlGH9M.oI3mj.Z1dTWF6qmY4WKFMed5lqQzSJEqDKdzm
2023-05-04 19:30:10 [INFO] 로그인 기능 수행됨
2023-05-04 19:30:10 [DEBUG] fdd / $2a$10$Fe6BbX9Bjyt/wKgqJ57/1.S/6waJn2ojHzffZafVExSpYEXBjAXuK
2023-05-04 19:30:15 [INFO] 로그인 기능 수행됨
2023-05-04 19:30:15 [DEBUG] qwe123 / $2a$10$bAALJIj5RyLvMSkAvvB9m./jCSWqPksumJ.SSS5c8x06oFy43tGzW
2023-05-04 19:31:43 [INFO] 초기화 필터 파괴
2023-05-04 20:17:14 [INFO] 초기화 필터 생성
2023-05-04 20:17:20 [INFO] 로그인 기능 수행됨
2023-05-04 20:17:20 [DEBUG] abc123 / $2a$10$JXXzYIvjzUqX1iwke/eej.a7UM6bx0j7.vgtU3Ly1NQLvRJcWZOz.
2023-05-04 20:17:27 [INFO] 로그인 기능 수행됨
2023-05-04 20:17:27 [DEBUG] qwe123 / $2a$10$bGiuHbSQl8AbZZlBT7LQoe2kQQE6kve7KtaoeL9J5uAUTlk/CiyT2
2023-05-04 20:17:43 [INFO] 로그인 기능 수행됨
2023-05-04 20:17:43 [DEBUG] qwe123 / $2a$10$DOWpC7EKGuGOkIY4qp5qS.gZ0rhlMeXtHkVZSxAoBvrVRjiETNgxm
2023-05-04 20:17:48 [INFO] 로그인 기능 수행됨
2023-05-04 20:17:48 [DEBUG] qwe123 / $2a$10$xuJFX.qrSt1aNBk3wb62NOi1ItCPKh3.QWzvZ7XhQqGZ.vYnWURsS
2023-05-04 20:18:18 [INFO] 로그인 기능 수행됨
2023-05-04 20:18:18 [DEBUG] qwe123 / $2a$10$7aG5O5apTMywfOiGi9KPEOoC7i4NVykmLavuxbnYUHH2iA8k5QgRG
2023-05-04 20:18:24 [INFO] 로그인 기능 수행됨
2023-05-04 20:18:24 [DEBUG] qwe123 / $2a$10$9VjMWQG3E0MpJYZNplPJ9ujjrVqXZAM6byGQ157BBGFVL6AEC9Sra
2023-05-04 20:18:36 [INFO] 로그인 기능 수행됨
2023-05-04 20:18:36 [DEBUG] qwe123 / $2a$10$9t3ecEw1Gsu4eSfM//ZeFOdInHAm6GrYll/tV0yOs7xu5/leLM3IC
2023-05-04 20:18:45 [INFO] 로그인 기능 수행됨
2023-05-04 20:18:45 [DEBUG] abc123 / $2a$10$8wC9WwdTITm35t7pTXRj9O7FaIe.mMoUR/bg.pSSohF.RJMkdRqD6
2023-05-04 20:21:52 [INFO] 초기화 필터 파괴
2023-05-04 20:22:53 [INFO] 초기화 필터 생성
2023-05-04 20:23:00 [INFO] 로그인 기능 수행됨
2023-05-04 20:23:00 [DEBUG] abc123 / $2a$10$/2LrUyiu7OZEETJD8oTpxuH2fw0kV0Z1yQP7sXElEYUoJyn8h8I/O
2023-05-04 20:23:11 [INFO] 로그인 기능 수행됨
2023-05-04 20:23:11 [DEBUG] abc123 / $2a$10$faayihbzBiFQpNdbfS2oAuw7HX9Ja3Vf3afWa7DWAjz9AVlV/qgnu
2023-05-04 20:24:00 [INFO] 초기화 필터 파괴
2023-05-04 20:24:22 [INFO] 초기화 필터 생성
2023-05-04 20:24:30 [INFO] 로그인 기능 수행됨
2023-05-04 20:24:30 [DEBUG] qwe123 / $2a$10$56a1Mt/4NGE4twtI/pLkgehMYqAYsBCR/pjlazqC7sYwk.wXVEPS6
2023-05-04 20:24:37 [INFO] 로그인 기능 수행됨
2023-05-04 20:24:37 [DEBUG] qwe123 / $2a$10$OgDFhk9ETMfCcDo0LT3vjuHOMiKU3z05/pFFTavJhPkh0JV6OUel6
2023-05-04 20:24:49 [INFO] 로그인 기능 수행됨
2023-05-04 20:24:49 [DEBUG] qwe12332 / $2a$10$piaHg4WQBygeAEjTU7BX0OAmH6NDp8U8CQfi2OKQrknC3qIeTUE.q
2023-05-04 20:25:43 [INFO] 초기화 필터 파괴
2023-05-04 20:27:54 [INFO] 초기화 필터 생성
2023-05-04 20:28:02 [INFO] 로그인 기능 수행됨
2023-05-04 20:28:02 [DEBUG] abc123 / $2a$10$sz9Uu2NqJ92CWuFXckncDOD0laAcxrZj.mN99WkHMxYb9nWMw1wfy
2023-05-04 20:28:08 [INFO] 로그인 기능 수행됨
2023-05-04 20:28:08 [DEBUG] qwe123 / $2a$10$H2PvophB36xexyob3pRb5OgVpWewZHrrHz.Tvc82eoBQacaCDsLKq
2023-05-04 20:28:19 [INFO] 로그인 기능 수행됨
2023-05-04 20:28:19 [DEBUG] ff / $2a$10$tcsIgbp4OJXKchDY8.WGVeDtL1wdoka5jyoZ7r4/P75m1BDdsFx7W
2023-05-04 20:28:27 [INFO] 로그인 기능 수행됨
2023-05-04 20:28:27 [DEBUG] ffd / $2a$10$.ybRRx6GALWYKFeBXrObFO3qzoFGazdJZPgAagobnpQ8tK4MDuEym
2023-05-04 20:30:07 [INFO] 초기화 필터 파괴
2023-05-04 20:30:42 [INFO] 초기화 필터 생성
2023-05-04 20:30:48 [INFO] 로그인 기능 수행됨
2023-05-04 20:30:48 [DEBUG] ewq / $2a$10$nOzt5zSYI3lIJ.1qlJQ78eSMsibR1A5Ykvx7SnGCAjWyAWvrZWdqO
2023-05-04 20:30:53 [INFO] 로그인 기능 수행됨
2023-05-04 20:30:53 [DEBUG] dsf / $2a$10$BMiEAcD0/373qZxTDwdhZ.u.nBs3VdPE6nXpFy7YhDyVJhDb.kUhS
2023-05-04 20:31:23 [INFO] 초기화 필터 파괴
2023-05-04 20:37:54 [INFO] 초기화 필터 생성
2023-05-04 20:38:28 [INFO] 로그인 기능 수행됨
2023-05-04 20:38:28 [DEBUG] qwe123 / $2a$10$QJ0AgFj.xCW9oI5u7cUDZuzE6aMgxQHkepYidMmNcj4o04ESXwlLS
2023-05-04 21:17:04 [INFO] 초기화 필터 생성
2023-05-04 21:17:09 [INFO] 후처리 수행
2023-05-04 21:17:11 [INFO] View 처리 완료 후 수행
2023-05-04 21:17:11 [INFO] 후처리 수행
2023-05-04 21:17:11 [INFO] 후처리 수행
2023-05-04 21:17:11 [INFO] View 처리 완료 후 수행
2023-05-04 21:17:11 [INFO] View 처리 완료 후 수행
2023-05-04 21:17:18 [INFO] 후처리 수행
2023-05-04 21:17:19 [INFO] View 처리 완료 후 수행
2023-05-04 21:17:19 [INFO] 후처리 수행
2023-05-04 21:17:19 [INFO] View 처리 완료 후 수행
2023-05-04 21:17:19 [INFO] 후처리 수행
2023-05-04 21:17:19 [INFO] View 처리 완료 후 수행
2023-05-04 21:17:19 [INFO] 후처리 수행
2023-05-04 21:17:19 [INFO] View 처리 완료 후 수행
2023-05-04 21:17:21 [INFO] 후처리 수행
2023-05-04 21:17:21 [INFO] View 처리 완료 후 수행
2023-05-04 21:17:23 [INFO] 후처리 수행
2023-05-04 21:17:23 [INFO] View 처리 완료 후 수행
2023-05-04 21:25:39 [INFO] 후처리 수행
2023-05-04 21:25:39 [INFO] View 처리 완료 후 수행
2023-05-04 21:25:44 [INFO] 후처리 수행
2023-05-04 21:25:44 [INFO] View 처리 완료 후 수행
2023-05-04 21:25:48 [INFO] 후처리 수행
2023-05-04 21:25:48 [INFO] View 처리 완료 후 수행
2023-05-04 21:25:50 [INFO] 후처리 수행
2023-05-04 21:25:50 [INFO] View 처리 완료 후 수행
2023-05-04 21:25:51 [INFO] 후처리 수행
2023-05-04 21:25:51 [INFO] View 처리 완료 후 수행
2023-05-04 21:25:51 [INFO] 후처리 수행
2023-05-04 21:25:51 [INFO] View 처리 완료 후 수행
2023-05-04 21:25:52 [INFO] 후처리 수행
2023-05-04 21:25:52 [INFO] View 처리 완료 후 수행
2023-05-04 21:25:52 [INFO] 후처리 수행
2023-05-04 21:25:52 [INFO] View 처리 완료 후 수행
2023-05-04 21:25:52 [INFO] 후처리 수행
2023-05-04 21:25:52 [INFO] View 처리 완료 후 수행
2023-05-04 21:25:53 [INFO] 후처리 수행
2023-05-04 21:25:53 [INFO] View 처리 완료 후 수행
2023-05-04 21:25:53 [INFO] 후처리 수행
2023-05-04 21:25:53 [INFO] View 처리 완료 후 수행
2023-05-04 21:25:56 [INFO] 후처리 수행
2023-05-04 21:25:56 [INFO] View 처리 완료 후 수행
2023-05-04 21:25:58 [INFO] 후처리 수행
2023-05-04 21:25:58 [INFO] View 처리 완료 후 수행
2023-05-04 21:25:58 [INFO] 후처리 수행
2023-05-04 21:25:58 [INFO] View 처리 완료 후 수행
2023-05-04 21:26:00 [INFO] 후처리 수행
2023-05-04 21:26:00 [INFO] View 처리 완료 후 수행
2023-05-04 21:26:04 [INFO] 후처리 수행
2023-05-04 21:26:04 [INFO] View 처리 완료 후 수행
2023-05-04 21:26:06 [INFO] 후처리 수행
2023-05-04 21:26:06 [INFO] View 처리 완료 후 수행
2023-05-04 21:37:16 [INFO] 후처리 수행
2023-05-04 21:37:16 [INFO] View 처리 완료 후 수행
2023-05-04 21:37:18 [INFO] 후처리 수행
2023-05-04 21:37:18 [INFO] View 처리 완료 후 수행
2023-05-04 21:37:20 [INFO] 후처리 수행
2023-05-04 21:37:20 [INFO] View 처리 완료 후 수행
